{"src\\Structures\\BinaryTreeNode.js":{"path":"src\\Structures\\BinaryTreeNode.js","s":{"1":1,"2":0,"3":0,"4":0,"5":0,"6":0,"7":0,"8":0,"9":0,"10":0,"11":0,"12":0,"13":0,"14":0,"15":0,"16":0,"17":0,"18":0,"19":0,"20":0,"21":0,"22":0,"23":0,"24":0,"25":0,"26":0,"27":0,"28":0,"29":0,"30":0,"31":0,"32":0,"33":0,"34":0,"35":0,"36":0,"37":0,"38":0,"39":0,"40":0,"41":0,"42":0,"43":0,"44":0,"45":0,"46":0,"47":0,"48":0,"49":0,"50":0,"51":0,"52":0,"53":0,"54":0,"55":0,"56":0,"57":0,"58":0,"59":0,"60":0,"61":0,"62":0,"63":0,"64":0,"65":0,"66":0,"67":0,"68":0,"69":0,"70":0,"71":0,"72":0,"73":0,"74":0,"75":0,"76":0,"77":0,"78":0,"79":0,"80":0,"81":0,"82":0,"83":0,"84":0,"85":0,"86":0,"87":0,"88":0,"89":0,"90":0,"91":0,"92":0,"93":0,"94":0,"95":0,"96":0,"97":0,"98":0,"99":0,"100":0,"101":0,"102":0,"103":0,"104":0,"105":0,"106":0,"107":0,"108":0,"109":0},"b":{"1":[0,0],"2":[0,0],"3":[0,0],"4":[0,0],"5":[0,0],"6":[0,0],"7":[0,0],"8":[0,0],"9":[0,0],"10":[0,0],"11":[0,0],"12":[0,0],"13":[0,0],"14":[0,0],"15":[0,0],"16":[0,0],"17":[0,0],"18":[0,0],"19":[0,0],"20":[0,0],"21":[0,0],"22":[0,0],"23":[0,0],"24":[0,0],"25":[0,0],"26":[0,0],"27":[0,0],"28":[0,0],"29":[0,0],"30":[0,0],"31":[0,0],"32":[0,0],"33":[0,0]},"f":{"1":0,"2":0,"3":0,"4":0,"5":0,"6":0,"7":0,"8":0,"9":0,"10":0,"11":0,"12":0,"13":0,"14":0,"15":0,"16":0,"17":0,"18":0,"19":0,"20":0,"21":0,"22":0},"fnMap":{"1":{"name":"BinaryTreeNode","line":14,"loc":{"start":{"line":14,"column":0},"end":{"line":14,"column":59}}},"2":{"name":"(anonymous_2)","line":26,"loc":{"start":{"line":26,"column":29},"end":{"line":26,"column":40}}},"3":{"name":"(anonymous_3)","line":46,"loc":{"start":{"line":46,"column":24},"end":{"line":46,"column":35}}},"4":{"name":"(anonymous_4)","line":68,"loc":{"start":{"line":68,"column":15},"end":{"line":68,"column":26}}},"5":{"name":"(anonymous_5)","line":76,"loc":{"start":{"line":76,"column":15},"end":{"line":76,"column":26}}},"6":{"name":"(anonymous_6)","line":84,"loc":{"start":{"line":84,"column":18},"end":{"line":84,"column":33}}},"7":{"name":"(anonymous_7)","line":97,"loc":{"start":{"line":97,"column":20},"end":{"line":97,"column":35}}},"8":{"name":"(anonymous_8)","line":111,"loc":{"start":{"line":111,"column":22},"end":{"line":111,"column":37}}},"9":{"name":"(anonymous_9)","line":123,"loc":{"start":{"line":123,"column":23},"end":{"line":123,"column":38}}},"10":{"name":"(anonymous_10)","line":135,"loc":{"start":{"line":135,"column":18},"end":{"line":135,"column":33}}},"11":{"name":"(anonymous_11)","line":148,"loc":{"start":{"line":148,"column":25},"end":{"line":148,"column":36}}},"12":{"name":"(anonymous_12)","line":175,"loc":{"start":{"line":175,"column":18},"end":{"line":175,"column":29}}},"13":{"name":"(anonymous_13)","line":186,"loc":{"start":{"line":186,"column":20},"end":{"line":186,"column":31}}},"14":{"name":"(anonymous_14)","line":197,"loc":{"start":{"line":197,"column":21},"end":{"line":197,"column":32}}},"15":{"name":"(anonymous_15)","line":208,"loc":{"start":{"line":208,"column":21},"end":{"line":208,"column":32}}},"16":{"name":"(anonymous_16)","line":219,"loc":{"start":{"line":219,"column":18},"end":{"line":219,"column":29}}},"17":{"name":"(anonymous_17)","line":233,"loc":{"start":{"line":233,"column":25},"end":{"line":233,"column":36}}},"18":{"name":"(anonymous_18)","line":245,"loc":{"start":{"line":245,"column":24},"end":{"line":245,"column":35}}},"19":{"name":"(anonymous_19)","line":257,"loc":{"start":{"line":257,"column":25},"end":{"line":257,"column":36}}},"20":{"name":"(anonymous_20)","line":269,"loc":{"start":{"line":269,"column":21},"end":{"line":269,"column":32}}},"21":{"name":"(anonymous_21)","line":280,"loc":{"start":{"line":280,"column":19},"end":{"line":280,"column":30}}},"22":{"name":"(anonymous_22)","line":295,"loc":{"start":{"line":295,"column":17},"end":{"line":295,"column":28}}}},"statementMap":{"1":{"start":{"line":14,"column":0},"end":{"line":299,"column":1}},"2":{"start":{"line":15,"column":1},"end":{"line":21,"column":16}},"3":{"start":{"line":26,"column":1},"end":{"line":41,"column":3}},"4":{"start":{"line":27,"column":2},"end":{"line":28,"column":11}},"5":{"start":{"line":29,"column":2},"end":{"line":29,"column":27}},"6":{"start":{"line":30,"column":2},"end":{"line":40,"column":3}},"7":{"start":{"line":31,"column":3},"end":{"line":31,"column":34}},"8":{"start":{"line":32,"column":3},"end":{"line":35,"column":4}},"9":{"start":{"line":33,"column":4},"end":{"line":33,"column":58}},"10":{"start":{"line":34,"column":4},"end":{"line":34,"column":42}},"11":{"start":{"line":36,"column":3},"end":{"line":39,"column":4}},"12":{"start":{"line":37,"column":4},"end":{"line":37,"column":59}},"13":{"start":{"line":37,"column":59},"end":{"line":38,"column":4}},"14":{"start":{"line":38,"column":4},"end":{"line":38,"column":43}},"15":{"start":{"line":46,"column":1},"end":{"line":62,"column":3}},"16":{"start":{"line":47,"column":2},"end":{"line":49,"column":11}},"17":{"start":{"line":50,"column":2},"end":{"line":50,"column":27}},"18":{"start":{"line":51,"column":2},"end":{"line":60,"column":3}},"19":{"start":{"line":52,"column":3},"end":{"line":52,"column":34}},"20":{"start":{"line":53,"column":3},"end":{"line":53,"column":15}},"21":{"start":{"line":54,"column":3},"end":{"line":56,"column":4}},"22":{"start":{"line":55,"column":4},"end":{"line":55,"column":42}},"23":{"start":{"line":57,"column":3},"end":{"line":59,"column":4}},"24":{"start":{"line":58,"column":4},"end":{"line":58,"column":43}},"25":{"start":{"line":61,"column":2},"end":{"line":61,"column":19}},"26":{"start":{"line":68,"column":1},"end":{"line":70,"column":3}},"27":{"start":{"line":69,"column":2},"end":{"line":69,"column":42}},"28":{"start":{"line":76,"column":1},"end":{"line":78,"column":3}},"29":{"start":{"line":77,"column":2},"end":{"line":77,"column":50}},"30":{"start":{"line":84,"column":1},"end":{"line":91,"column":3}},"31":{"start":{"line":85,"column":2},"end":{"line":90,"column":3}},"32":{"start":{"line":86,"column":3},"end":{"line":86,"column":21}},"33":{"start":{"line":89,"column":3},"end":{"line":89,"column":88}},"34":{"start":{"line":97,"column":1},"end":{"line":105,"column":3}},"35":{"start":{"line":98,"column":2},"end":{"line":98,"column":30}},"36":{"start":{"line":99,"column":2},"end":{"line":104,"column":3}},"37":{"start":{"line":100,"column":3},"end":{"line":100,"column":19}},"38":{"start":{"line":103,"column":3},"end":{"line":103,"column":119}},"39":{"start":{"line":111,"column":2},"end":{"line":123,"column":2}},"40":{"start":{"line":112,"column":3},"end":{"line":116,"column":4}},"41":{"start":{"line":113,"column":4},"end":{"line":113,"column":21}},"42":{"start":{"line":115,"column":4},"end":{"line":115,"column":104}},"43":{"start":{"line":123,"column":2},"end":{"line":135,"column":1}},"44":{"start":{"line":124,"column":3},"end":{"line":128,"column":4}},"45":{"start":{"line":125,"column":4},"end":{"line":125,"column":22}},"46":{"start":{"line":127,"column":4},"end":{"line":127,"column":105}},"47":{"start":{"line":135,"column":1},"end":{"line":142,"column":3}},"48":{"start":{"line":136,"column":2},"end":{"line":141,"column":3}},"49":{"start":{"line":137,"column":3},"end":{"line":137,"column":17}},"50":{"start":{"line":140,"column":3},"end":{"line":140,"column":99}},"51":{"start":{"line":148,"column":1},"end":{"line":169,"column":3}},"52":{"start":{"line":149,"column":2},"end":{"line":150,"column":24}},"53":{"start":{"line":151,"column":2},"end":{"line":153,"column":18}},"54":{"start":{"line":152,"column":3},"end":{"line":152,"column":19}},"55":{"start":{"line":155,"column":2},"end":{"line":168,"column":3}},"56":{"start":{"line":156,"column":3},"end":{"line":158,"column":4}},"57":{"start":{"line":157,"column":4},"end":{"line":157,"column":83}},"58":{"start":{"line":159,"column":3},"end":{"line":161,"column":4}},"59":{"start":{"line":160,"column":4},"end":{"line":160,"column":101}},"60":{"start":{"line":162,"column":3},"end":{"line":166,"column":4}},"61":{"start":{"line":163,"column":4},"end":{"line":163,"column":30}},"62":{"start":{"line":165,"column":4},"end":{"line":165,"column":10}},"63":{"start":{"line":175,"column":1},"end":{"line":180,"column":3}},"64":{"start":{"line":176,"column":2},"end":{"line":178,"column":3}},"65":{"start":{"line":177,"column":3},"end":{"line":177,"column":88}},"66":{"start":{"line":179,"column":2},"end":{"line":179,"column":20}},"67":{"start":{"line":186,"column":1},"end":{"line":191,"column":3}},"68":{"start":{"line":187,"column":2},"end":{"line":189,"column":3}},"69":{"start":{"line":188,"column":3},"end":{"line":188,"column":88}},"70":{"start":{"line":190,"column":2},"end":{"line":190,"column":18}},"71":{"start":{"line":197,"column":1},"end":{"line":202,"column":3}},"72":{"start":{"line":198,"column":2},"end":{"line":200,"column":3}},"73":{"start":{"line":199,"column":3},"end":{"line":199,"column":110}},"74":{"start":{"line":201,"column":2},"end":{"line":201,"column":23}},"75":{"start":{"line":208,"column":1},"end":{"line":213,"column":3}},"76":{"start":{"line":209,"column":2},"end":{"line":211,"column":3}},"77":{"start":{"line":210,"column":3},"end":{"line":210,"column":110}},"78":{"start":{"line":212,"column":2},"end":{"line":212,"column":23}},"79":{"start":{"line":219,"column":1},"end":{"line":226,"column":3}},"80":{"start":{"line":220,"column":2},"end":{"line":225,"column":3}},"81":{"start":{"line":221,"column":3},"end":{"line":221,"column":17}},"82":{"start":{"line":224,"column":3},"end":{"line":224,"column":94}},"83":{"start":{"line":233,"column":1},"end":{"line":240,"column":3}},"84":{"start":{"line":234,"column":2},"end":{"line":239,"column":3}},"85":{"start":{"line":235,"column":3},"end":{"line":235,"column":24}},"86":{"start":{"line":238,"column":3},"end":{"line":238,"column":107}},"87":{"start":{"line":245,"column":1},"end":{"line":252,"column":3}},"88":{"start":{"line":246,"column":2},"end":{"line":251,"column":3}},"89":{"start":{"line":247,"column":3},"end":{"line":247,"column":20}},"90":{"start":{"line":250,"column":3},"end":{"line":250,"column":97}},"91":{"start":{"line":257,"column":1},"end":{"line":269,"column":1}},"92":{"start":{"line":258,"column":2},"end":{"line":263,"column":3}},"93":{"start":{"line":259,"column":3},"end":{"line":259,"column":21}},"94":{"start":{"line":262,"column":3},"end":{"line":262,"column":98}},"95":{"start":{"line":269,"column":1},"end":{"line":275,"column":3}},"96":{"start":{"line":270,"column":2},"end":{"line":274,"column":3}},"97":{"start":{"line":271,"column":3},"end":{"line":271,"column":17}},"98":{"start":{"line":273,"column":3},"end":{"line":273,"column":99}},"99":{"start":{"line":280,"column":1},"end":{"line":288,"column":3}},"100":{"start":{"line":281,"column":2},"end":{"line":281,"column":16}},"101":{"start":{"line":282,"column":2},"end":{"line":282,"column":19}},"102":{"start":{"line":283,"column":2},"end":{"line":283,"column":20}},"103":{"start":{"line":284,"column":2},"end":{"line":284,"column":18}},"104":{"start":{"line":285,"column":2},"end":{"line":285,"column":20}},"105":{"start":{"line":286,"column":2},"end":{"line":286,"column":23}},"106":{"start":{"line":287,"column":2},"end":{"line":287,"column":23}},"107":{"start":{"line":295,"column":1},"end":{"line":298,"column":3}},"108":{"start":{"line":296,"column":2},"end":{"line":296,"column":24}},"109":{"start":{"line":297,"column":2},"end":{"line":297,"column":16}}},"branchMap":{"1":{"line":15,"type":"binary-expr","locations":[{"start":{"line":15,"column":16},"end":{"line":15,"column":20}},{"start":{"line":15,"column":24},"end":{"line":15,"column":28}}]},"2":{"line":16,"type":"binary-expr","locations":[{"start":{"line":16,"column":12},"end":{"line":16,"column":18}},{"start":{"line":16,"column":22},"end":{"line":16,"column":26}}]},"3":{"line":17,"type":"binary-expr","locations":[{"start":{"line":17,"column":14},"end":{"line":17,"column":18}},{"start":{"line":17,"column":22},"end":{"line":17,"column":26}}]},"4":{"line":18,"type":"binary-expr","locations":[{"start":{"line":18,"column":15},"end":{"line":18,"column":20}},{"start":{"line":18,"column":24},"end":{"line":18,"column":28}}]},"5":{"line":19,"type":"binary-expr","locations":[{"start":{"line":19,"column":15},"end":{"line":19,"column":21}},{"start":{"line":19,"column":25},"end":{"line":19,"column":29}}]},"6":{"line":32,"type":"if","locations":[{"start":{"line":32,"column":3},"end":{"line":32,"column":3}},{"start":{"line":32,"column":3},"end":{"line":32,"column":3}}]},"7":{"line":36,"type":"if","locations":[{"start":{"line":36,"column":3},"end":{"line":36,"column":3}},{"start":{"line":36,"column":3},"end":{"line":36,"column":3}}]},"8":{"line":54,"type":"if","locations":[{"start":{"line":54,"column":3},"end":{"line":54,"column":3}},{"start":{"line":54,"column":3},"end":{"line":54,"column":3}}]},"9":{"line":57,"type":"if","locations":[{"start":{"line":57,"column":3},"end":{"line":57,"column":3}},{"start":{"line":57,"column":3},"end":{"line":57,"column":3}}]},"10":{"line":69,"type":"cond-expr","locations":[{"start":{"line":69,"column":29},"end":{"line":69,"column":33}},{"start":{"line":69,"column":36},"end":{"line":69,"column":41}}]},"11":{"line":77,"type":"cond-expr","locations":[{"start":{"line":77,"column":37},"end":{"line":77,"column":41}},{"start":{"line":77,"column":44},"end":{"line":77,"column":49}}]},"12":{"line":77,"type":"binary-expr","locations":[{"start":{"line":77,"column":10},"end":{"line":77,"column":19}},{"start":{"line":77,"column":23},"end":{"line":77,"column":33}}]},"13":{"line":85,"type":"if","locations":[{"start":{"line":85,"column":2},"end":{"line":85,"column":2}},{"start":{"line":85,"column":2},"end":{"line":85,"column":2}}]},"14":{"line":99,"type":"if","locations":[{"start":{"line":99,"column":2},"end":{"line":99,"column":2}},{"start":{"line":99,"column":2},"end":{"line":99,"column":2}}]},"15":{"line":112,"type":"if","locations":[{"start":{"line":112,"column":3},"end":{"line":112,"column":3}},{"start":{"line":112,"column":3},"end":{"line":112,"column":3}}]},"16":{"line":124,"type":"if","locations":[{"start":{"line":124,"column":3},"end":{"line":124,"column":3}},{"start":{"line":124,"column":3},"end":{"line":124,"column":3}}]},"17":{"line":136,"type":"if","locations":[{"start":{"line":136,"column":2},"end":{"line":136,"column":2}},{"start":{"line":136,"column":2},"end":{"line":136,"column":2}}]},"18":{"line":156,"type":"if","locations":[{"start":{"line":156,"column":3},"end":{"line":156,"column":3}},{"start":{"line":156,"column":3},"end":{"line":156,"column":3}}]},"19":{"line":156,"type":"binary-expr","locations":[{"start":{"line":156,"column":7},"end":{"line":156,"column":28}},{"start":{"line":156,"column":32},"end":{"line":156,"column":80}}]},"20":{"line":159,"type":"if","locations":[{"start":{"line":159,"column":3},"end":{"line":159,"column":3}},{"start":{"line":159,"column":3},"end":{"line":159,"column":3}}]},"21":{"line":159,"type":"binary-expr","locations":[{"start":{"line":159,"column":7},"end":{"line":159,"column":29}},{"start":{"line":159,"column":33},"end":{"line":159,"column":82}}]},"22":{"line":176,"type":"if","locations":[{"start":{"line":176,"column":2},"end":{"line":176,"column":2}},{"start":{"line":176,"column":2},"end":{"line":176,"column":2}}]},"23":{"line":176,"type":"binary-expr","locations":[{"start":{"line":176,"column":6},"end":{"line":176,"column":22}},{"start":{"line":176,"column":26},"end":{"line":176,"column":37}}]},"24":{"line":187,"type":"if","locations":[{"start":{"line":187,"column":2},"end":{"line":187,"column":2}},{"start":{"line":187,"column":2},"end":{"line":187,"column":2}}]},"25":{"line":187,"type":"binary-expr","locations":[{"start":{"line":187,"column":6},"end":{"line":187,"column":20}},{"start":{"line":187,"column":24},"end":{"line":187,"column":33}}]},"26":{"line":198,"type":"if","locations":[{"start":{"line":198,"column":2},"end":{"line":198,"column":2}},{"start":{"line":198,"column":2},"end":{"line":198,"column":2}}]},"27":{"line":209,"type":"if","locations":[{"start":{"line":209,"column":2},"end":{"line":209,"column":2}},{"start":{"line":209,"column":2},"end":{"line":209,"column":2}}]},"28":{"line":220,"type":"if","locations":[{"start":{"line":220,"column":2},"end":{"line":220,"column":2}},{"start":{"line":220,"column":2},"end":{"line":220,"column":2}}]},"29":{"line":234,"type":"if","locations":[{"start":{"line":234,"column":2},"end":{"line":234,"column":2}},{"start":{"line":234,"column":2},"end":{"line":234,"column":2}}]},"30":{"line":234,"type":"binary-expr","locations":[{"start":{"line":234,"column":6},"end":{"line":234,"column":19}},{"start":{"line":234,"column":23},"end":{"line":234,"column":42}}]},"31":{"line":246,"type":"if","locations":[{"start":{"line":246,"column":2},"end":{"line":246,"column":2}},{"start":{"line":246,"column":2},"end":{"line":246,"column":2}}]},"32":{"line":258,"type":"if","locations":[{"start":{"line":258,"column":2},"end":{"line":258,"column":2}},{"start":{"line":258,"column":2},"end":{"line":258,"column":2}}]},"33":{"line":270,"type":"if","locations":[{"start":{"line":270,"column":2},"end":{"line":270,"column":2}},{"start":{"line":270,"column":2},"end":{"line":270,"column":2}}]}}},"src\\Structures\\CircularBuffer.js":{"path":"src\\Structures\\CircularBuffer.js","s":{"1":1,"2":0,"3":0,"4":0,"5":0,"6":0,"7":0,"8":0,"9":0,"10":0,"11":0,"12":1,"13":17,"14":17,"15":1,"16":16,"17":16,"18":16,"19":3,"20":3,"21":21,"22":20,"23":3,"24":16,"25":1,"26":1,"27":1,"28":1,"29":16,"30":5,"31":16,"32":16,"33":16,"34":124,"35":8,"36":116,"37":102,"38":116,"39":14,"40":116,"41":116,"42":16,"43":44,"44":1,"45":43,"46":43,"47":43,"48":43,"49":43,"50":16,"51":4,"52":1,"53":3,"54":16,"55":1,"56":1,"57":7,"58":6,"59":7,"60":6,"61":1,"62":7,"63":6,"64":1,"65":1},"b":{"1":[0,0],"2":[0,0],"3":[0,0],"4":[0,0,0],"5":[0,0],"6":[0,0,0],"7":[1,16],"8":[20,1],"9":[21,2],"10":[4,1],"11":[14,2],"12":[8,116],"13":[102,14],"14":[116,105],"15":[14,102],"16":[116,105],"17":[1,43],"18":[44,10],"19":[1,3],"20":[4,2],"21":[6,1],"22":[6,1],"23":[7,2],"24":[6,1]},"f":{"1":0,"2":17,"3":3,"4":1,"5":5,"6":16,"7":124,"8":44,"9":4,"10":1},"fnMap":{"1":{"name":"isVarObjEmpty","line":15,"loc":{"start":{"line":15,"column":0},"end":{"line":15,"column":28}},"skip":true},"2":{"name":"CircularBuffer","line":40,"loc":{"start":{"line":40,"column":0},"end":{"line":40,"column":30}}},"3":{"name":"(anonymous_3)","line":58,"loc":{"start":{"line":58,"column":14},"end":{"line":58,"column":25}}},"4":{"name":"(anonymous_4)","line":72,"loc":{"start":{"line":72,"column":15},"end":{"line":72,"column":26}}},"5":{"name":"(anonymous_5)","line":83,"loc":{"start":{"line":83,"column":16},"end":{"line":83,"column":27}}},"6":{"name":"(anonymous_6)","line":91,"loc":{"start":{"line":91,"column":15},"end":{"line":91,"column":26}}},"7":{"name":"(anonymous_7)","line":100,"loc":{"start":{"line":100,"column":14},"end":{"line":100,"column":31}}},"8":{"name":"(anonymous_8)","line":120,"loc":{"start":{"line":120,"column":13},"end":{"line":120,"column":24}}},"9":{"name":"(anonymous_9)","line":136,"loc":{"start":{"line":136,"column":13},"end":{"line":136,"column":24}}},"10":{"name":"(anonymous_10)","line":148,"loc":{"start":{"line":148,"column":17},"end":{"line":148,"column":28}}}},"statementMap":{"1":{"start":{"line":15,"column":0},"end":{"line":33,"column":1},"skip":true},"2":{"start":{"line":16,"column":1},"end":{"line":17,"column":21},"skip":true},"3":{"start":{"line":18,"column":1},"end":{"line":27,"column":2},"skip":true},"4":{"start":{"line":19,"column":2},"end":{"line":19,"column":14},"skip":true},"5":{"start":{"line":21,"column":2},"end":{"line":26,"column":3},"skip":true},"6":{"start":{"line":22,"column":3},"end":{"line":22,"column":15},"skip":true},"7":{"start":{"line":23,"column":3},"end":{"line":25,"column":4},"skip":true},"8":{"start":{"line":24,"column":4},"end":{"line":24,"column":21},"skip":true},"9":{"start":{"line":28,"column":1},"end":{"line":32,"column":2},"skip":true},"10":{"start":{"line":29,"column":2},"end":{"line":29,"column":14},"skip":true},"11":{"start":{"line":31,"column":2},"end":{"line":31,"column":15},"skip":true},"12":{"start":{"line":40,"column":0},"end":{"line":167,"column":1}},"13":{"start":{"line":41,"column":1},"end":{"line":45,"column":14}},"14":{"start":{"line":46,"column":1},"end":{"line":52,"column":2}},"15":{"start":{"line":47,"column":2},"end":{"line":47,"column":91}},"16":{"start":{"line":50,"column":2},"end":{"line":50,"column":17}},"17":{"start":{"line":51,"column":2},"end":{"line":51,"column":30}},"18":{"start":{"line":58,"column":2},"end":{"line":66,"column":4}},"19":{"start":{"line":59,"column":3},"end":{"line":59,"column":16}},"20":{"start":{"line":60,"column":3},"end":{"line":64,"column":4}},"21":{"start":{"line":61,"column":4},"end":{"line":63,"column":5}},"22":{"start":{"line":62,"column":5},"end":{"line":62,"column":12}},"23":{"start":{"line":65,"column":3},"end":{"line":65,"column":15}},"24":{"start":{"line":72,"column":2},"end":{"line":77,"column":4}},"25":{"start":{"line":73,"column":3},"end":{"line":73,"column":31}},"26":{"start":{"line":74,"column":3},"end":{"line":74,"column":16}},"27":{"start":{"line":75,"column":3},"end":{"line":75,"column":14}},"28":{"start":{"line":76,"column":3},"end":{"line":76,"column":16}},"29":{"start":{"line":83,"column":1},"end":{"line":85,"column":3}},"30":{"start":{"line":84,"column":2},"end":{"line":84,"column":41}},"31":{"start":{"line":91,"column":1},"end":{"line":93,"column":3}},"32":{"start":{"line":92,"column":2},"end":{"line":92,"column":47}},"33":{"start":{"line":100,"column":1},"end":{"line":113,"column":3}},"34":{"start":{"line":101,"column":2},"end":{"line":112,"column":3}},"35":{"start":{"line":102,"column":3},"end":{"line":102,"column":167}},"36":{"start":{"line":104,"column":3},"end":{"line":106,"column":4}},"37":{"start":{"line":105,"column":4},"end":{"line":105,"column":15}},"38":{"start":{"line":107,"column":3},"end":{"line":109,"column":4}},"39":{"start":{"line":108,"column":4},"end":{"line":108,"column":153}},"40":{"start":{"line":110,"column":3},"end":{"line":110,"column":27}},"41":{"start":{"line":111,"column":3},"end":{"line":111,"column":35}},"42":{"start":{"line":120,"column":1},"end":{"line":129,"column":3}},"43":{"start":{"line":121,"column":2},"end":{"line":123,"column":3}},"44":{"start":{"line":122,"column":3},"end":{"line":122,"column":100}},"45":{"start":{"line":124,"column":2},"end":{"line":124,"column":32}},"46":{"start":{"line":125,"column":2},"end":{"line":125,"column":24}},"47":{"start":{"line":126,"column":2},"end":{"line":126,"column":38}},"48":{"start":{"line":127,"column":2},"end":{"line":127,"column":13}},"49":{"start":{"line":128,"column":2},"end":{"line":128,"column":16}},"50":{"start":{"line":136,"column":1},"end":{"line":141,"column":3}},"51":{"start":{"line":137,"column":2},"end":{"line":139,"column":3}},"52":{"start":{"line":138,"column":3},"end":{"line":138,"column":92}},"53":{"start":{"line":140,"column":2},"end":{"line":140,"column":26}},"54":{"start":{"line":148,"column":1},"end":{"line":166,"column":3}},"55":{"start":{"line":149,"column":2},"end":{"line":149,"column":19}},"56":{"start":{"line":150,"column":2},"end":{"line":163,"column":3}},"57":{"start":{"line":151,"column":3},"end":{"line":153,"column":4}},"58":{"start":{"line":152,"column":4},"end":{"line":152,"column":17}},"59":{"start":{"line":154,"column":3},"end":{"line":158,"column":4}},"60":{"start":{"line":155,"column":4},"end":{"line":155,"column":35}},"61":{"start":{"line":157,"column":4},"end":{"line":157,"column":18}},"62":{"start":{"line":160,"column":3},"end":{"line":162,"column":4}},"63":{"start":{"line":161,"column":4},"end":{"line":161,"column":18}},"64":{"start":{"line":164,"column":2},"end":{"line":164,"column":74}},"65":{"start":{"line":165,"column":2},"end":{"line":165,"column":16}}},"branchMap":{"1":{"line":18,"type":"if","locations":[{"start":{"line":18,"column":1},"end":{"line":18,"column":1},"skip":true},{"start":{"line":18,"column":1},"end":{"line":18,"column":1},"skip":true}]},"2":{"line":18,"type":"binary-expr","locations":[{"start":{"line":18,"column":5},"end":{"line":18,"column":9},"skip":true},{"start":{"line":18,"column":13},"end":{"line":18,"column":22},"skip":true}]},"3":{"line":23,"type":"if","locations":[{"start":{"line":23,"column":3},"end":{"line":23,"column":3},"skip":true},{"start":{"line":23,"column":3},"end":{"line":23,"column":3},"skip":true}]},"4":{"line":23,"type":"binary-expr","locations":[{"start":{"line":23,"column":7},"end":{"line":23,"column":28},"skip":true},{"start":{"line":23,"column":33},"end":{"line":23,"column":39},"skip":true},{"start":{"line":23,"column":43},"end":{"line":23,"column":55},"skip":true}]},"5":{"line":28,"type":"if","locations":[{"start":{"line":28,"column":1},"end":{"line":28,"column":1},"skip":true},{"start":{"line":28,"column":1},"end":{"line":28,"column":1},"skip":true}]},"6":{"line":28,"type":"binary-expr","locations":[{"start":{"line":28,"column":5},"end":{"line":28,"column":28},"skip":true},{"start":{"line":28,"column":32},"end":{"line":28,"column":46},"skip":true},{"start":{"line":28,"column":50},"end":{"line":28,"column":70},"skip":true}]},"7":{"line":46,"type":"if","locations":[{"start":{"line":46,"column":1},"end":{"line":46,"column":1}},{"start":{"line":46,"column":1},"end":{"line":46,"column":1}}]},"8":{"line":61,"type":"if","locations":[{"start":{"line":61,"column":4},"end":{"line":61,"column":4}},{"start":{"line":61,"column":4},"end":{"line":61,"column":4}}]},"9":{"line":61,"type":"binary-expr","locations":[{"start":{"line":61,"column":8},"end":{"line":61,"column":17}},{"start":{"line":61,"column":21},"end":{"line":61,"column":36}}]},"10":{"line":84,"type":"cond-expr","locations":[{"start":{"line":84,"column":28},"end":{"line":84,"column":32}},{"start":{"line":84,"column":35},"end":{"line":84,"column":40}}]},"11":{"line":92,"type":"cond-expr","locations":[{"start":{"line":92,"column":34},"end":{"line":92,"column":38}},{"start":{"line":92,"column":41},"end":{"line":92,"column":46}}]},"12":{"line":101,"type":"if","locations":[{"start":{"line":101,"column":2},"end":{"line":101,"column":2}},{"start":{"line":101,"column":2},"end":{"line":101,"column":2}}]},"13":{"line":104,"type":"if","locations":[{"start":{"line":104,"column":3},"end":{"line":104,"column":3}},{"start":{"line":104,"column":3},"end":{"line":104,"column":3}}]},"14":{"line":104,"type":"binary-expr","locations":[{"start":{"line":104,"column":7},"end":{"line":104,"column":22}},{"start":{"line":104,"column":26},"end":{"line":104,"column":44}}]},"15":{"line":107,"type":"if","locations":[{"start":{"line":107,"column":3},"end":{"line":107,"column":3}},{"start":{"line":107,"column":3},"end":{"line":107,"column":3}}]},"16":{"line":107,"type":"binary-expr","locations":[{"start":{"line":107,"column":7},"end":{"line":107,"column":21}},{"start":{"line":107,"column":25},"end":{"line":107,"column":45}}]},"17":{"line":121,"type":"if","locations":[{"start":{"line":121,"column":2},"end":{"line":121,"column":2}},{"start":{"line":121,"column":2},"end":{"line":121,"column":2}}]},"18":{"line":121,"type":"binary-expr","locations":[{"start":{"line":121,"column":6},"end":{"line":121,"column":23}},{"start":{"line":121,"column":27},"end":{"line":121,"column":49}}]},"19":{"line":137,"type":"if","locations":[{"start":{"line":137,"column":2},"end":{"line":137,"column":2}},{"start":{"line":137,"column":2},"end":{"line":137,"column":2}}]},"20":{"line":137,"type":"binary-expr","locations":[{"start":{"line":137,"column":6},"end":{"line":137,"column":23}},{"start":{"line":137,"column":27},"end":{"line":137,"column":49}}]},"21":{"line":151,"type":"if","locations":[{"start":{"line":151,"column":3},"end":{"line":151,"column":3}},{"start":{"line":151,"column":3},"end":{"line":151,"column":3}}]},"22":{"line":154,"type":"if","locations":[{"start":{"line":154,"column":3},"end":{"line":154,"column":3}},{"start":{"line":154,"column":3},"end":{"line":154,"column":3}}]},"23":{"line":154,"type":"binary-expr","locations":[{"start":{"line":154,"column":7},"end":{"line":154,"column":16}},{"start":{"line":154,"column":20},"end":{"line":154,"column":35}}]},"24":{"line":160,"type":"if","locations":[{"start":{"line":160,"column":3},"end":{"line":160,"column":3}},{"start":{"line":160,"column":3},"end":{"line":160,"column":3}}]}}},"src\\Structures\\Deque.js":{"path":"src\\Structures\\Deque.js","s":{"1":1,"2":0,"3":0,"4":0,"5":0,"6":0,"7":0,"8":0,"9":0,"10":1,"11":16,"12":16,"13":2,"14":16,"15":4,"16":16,"17":5,"18":16,"19":111,"20":102,"21":9,"22":16,"23":17,"24":8,"25":9,"26":16,"27":7,"28":6,"29":1,"30":16,"31":7,"32":6,"33":1,"34":16,"35":8,"36":7,"37":1,"38":16,"39":8,"40":7,"41":1,"42":16,"43":1,"44":1,"45":6,"46":5,"47":6,"48":6,"49":5,"50":1,"51":1},"b":{"1":[0,0],"2":[0,0],"3":[0,0],"4":[0,0,0],"5":[0,0],"6":[0,0,0],"7":[3,1],"8":[102,9],"9":[111,102,17],"10":[8,9],"11":[17,8,1],"12":[6,1],"13":[6,1],"14":[7,1],"15":[7,1],"16":[5,1],"17":[5,1]},"f":{"1":0,"2":16,"3":2,"4":4,"5":5,"6":111,"7":17,"8":7,"9":7,"10":8,"11":8,"12":1},"fnMap":{"1":{"name":"isVarObjEmpty","line":15,"loc":{"start":{"line":15,"column":0},"end":{"line":15,"column":28}},"skip":true},"2":{"name":"Deque","line":34,"loc":{"start":{"line":34,"column":1},"end":{"line":34,"column":18}}},"3":{"name":"(anonymous_3)","line":41,"loc":{"start":{"line":41,"column":14},"end":{"line":41,"column":25}}},"4":{"name":"(anonymous_4)","line":49,"loc":{"start":{"line":49,"column":17},"end":{"line":49,"column":28}}},"5":{"name":"(anonymous_5)","line":56,"loc":{"start":{"line":56,"column":15},"end":{"line":56,"column":26}}},"6":{"name":"(anonymous_6)","line":64,"loc":{"start":{"line":64,"column":14},"end":{"line":64,"column":31}}},"7":{"name":"(anonymous_7)","line":78,"loc":{"start":{"line":78,"column":17},"end":{"line":78,"column":34}}},"8":{"name":"(anonymous_8)","line":92,"loc":{"start":{"line":92,"column":13},"end":{"line":92,"column":24}}},"9":{"name":"(anonymous_9)","line":105,"loc":{"start":{"line":105,"column":15},"end":{"line":105,"column":26}}},"10":{"name":"(anonymous_10)","line":118,"loc":{"start":{"line":118,"column":14},"end":{"line":118,"column":25}}},"11":{"name":"(anonymous_11)","line":131,"loc":{"start":{"line":131,"column":15},"end":{"line":131,"column":26}}},"12":{"name":"(anonymous_12)","line":144,"loc":{"start":{"line":144,"column":17},"end":{"line":144,"column":28}}}},"statementMap":{"1":{"start":{"line":15,"column":0},"end":{"line":29,"column":1},"skip":true},"2":{"start":{"line":16,"column":1},"end":{"line":17,"column":21},"skip":true},"3":{"start":{"line":18,"column":1},"end":{"line":27,"column":2},"skip":true},"4":{"start":{"line":19,"column":2},"end":{"line":19,"column":14},"skip":true},"5":{"start":{"line":21,"column":2},"end":{"line":26,"column":3},"skip":true},"6":{"start":{"line":22,"column":3},"end":{"line":22,"column":15},"skip":true},"7":{"start":{"line":23,"column":3},"end":{"line":25,"column":4},"skip":true},"8":{"start":{"line":24,"column":4},"end":{"line":24,"column":21},"skip":true},"9":{"start":{"line":28,"column":1},"end":{"line":28,"column":91},"skip":true},"10":{"start":{"line":34,"column":1},"end":{"line":158,"column":2}},"11":{"start":{"line":35,"column":2},"end":{"line":35,"column":19}},"12":{"start":{"line":41,"column":2},"end":{"line":43,"column":4}},"13":{"start":{"line":42,"column":3},"end":{"line":42,"column":25}},"14":{"start":{"line":49,"column":2},"end":{"line":51,"column":4}},"15":{"start":{"line":50,"column":3},"end":{"line":50,"column":48}},"16":{"start":{"line":56,"column":2},"end":{"line":58,"column":4}},"17":{"start":{"line":57,"column":3},"end":{"line":57,"column":16}},"18":{"start":{"line":64,"column":2},"end":{"line":71,"column":4}},"19":{"start":{"line":65,"column":3},"end":{"line":69,"column":4}},"20":{"start":{"line":66,"column":4},"end":{"line":66,"column":25}},"21":{"start":{"line":68,"column":4},"end":{"line":68,"column":168}},"22":{"start":{"line":78,"column":2},"end":{"line":85,"column":4}},"23":{"start":{"line":79,"column":4},"end":{"line":83,"column":4}},"24":{"start":{"line":80,"column":4},"end":{"line":80,"column":28}},"25":{"start":{"line":82,"column":4},"end":{"line":82,"column":171}},"26":{"start":{"line":92,"column":2},"end":{"line":98,"column":4}},"27":{"start":{"line":93,"column":3},"end":{"line":97,"column":4}},"28":{"start":{"line":94,"column":4},"end":{"line":94,"column":25}},"29":{"start":{"line":96,"column":4},"end":{"line":96,"column":77}},"30":{"start":{"line":105,"column":2},"end":{"line":111,"column":4}},"31":{"start":{"line":106,"column":3},"end":{"line":110,"column":4}},"32":{"start":{"line":107,"column":4},"end":{"line":107,"column":27}},"33":{"start":{"line":109,"column":4},"end":{"line":109,"column":81}},"34":{"start":{"line":118,"column":2},"end":{"line":124,"column":4}},"35":{"start":{"line":119,"column":3},"end":{"line":123,"column":4}},"36":{"start":{"line":120,"column":4},"end":{"line":120,"column":39}},"37":{"start":{"line":122,"column":4},"end":{"line":122,"column":89}},"38":{"start":{"line":131,"column":2},"end":{"line":137,"column":4}},"39":{"start":{"line":132,"column":3},"end":{"line":136,"column":4}},"40":{"start":{"line":133,"column":4},"end":{"line":133,"column":22}},"41":{"start":{"line":135,"column":4},"end":{"line":135,"column":90}},"42":{"start":{"line":144,"column":1},"end":{"line":157,"column":3}},"43":{"start":{"line":145,"column":2},"end":{"line":145,"column":19}},"44":{"start":{"line":146,"column":2},"end":{"line":154,"column":3}},"45":{"start":{"line":147,"column":3},"end":{"line":149,"column":4}},"46":{"start":{"line":148,"column":4},"end":{"line":148,"column":17}},"47":{"start":{"line":150,"column":3},"end":{"line":150,"column":35}},"48":{"start":{"line":151,"column":3},"end":{"line":153,"column":4}},"49":{"start":{"line":152,"column":4},"end":{"line":152,"column":18}},"50":{"start":{"line":155,"column":2},"end":{"line":155,"column":16}},"51":{"start":{"line":156,"column":2},"end":{"line":156,"column":16}}},"branchMap":{"1":{"line":18,"type":"if","locations":[{"start":{"line":18,"column":1},"end":{"line":18,"column":1},"skip":true},{"start":{"line":18,"column":1},"end":{"line":18,"column":1},"skip":true}]},"2":{"line":18,"type":"binary-expr","locations":[{"start":{"line":18,"column":5},"end":{"line":18,"column":9},"skip":true},{"start":{"line":18,"column":13},"end":{"line":18,"column":22},"skip":true}]},"3":{"line":23,"type":"if","locations":[{"start":{"line":23,"column":3},"end":{"line":23,"column":3},"skip":true},{"start":{"line":23,"column":3},"end":{"line":23,"column":3},"skip":true}]},"4":{"line":23,"type":"binary-expr","locations":[{"start":{"line":23,"column":7},"end":{"line":23,"column":28},"skip":true},{"start":{"line":23,"column":33},"end":{"line":23,"column":39},"skip":true},{"start":{"line":23,"column":43},"end":{"line":23,"column":55},"skip":true}]},"5":{"line":28,"type":"cond-expr","locations":[{"start":{"line":28,"column":78},"end":{"line":28,"column":82},"skip":true},{"start":{"line":28,"column":85},"end":{"line":28,"column":90},"skip":true}]},"6":{"line":28,"type":"binary-expr","locations":[{"start":{"line":28,"column":9},"end":{"line":28,"column":32},"skip":true},{"start":{"line":28,"column":36},"end":{"line":28,"column":50},"skip":true},{"start":{"line":28,"column":54},"end":{"line":28,"column":74},"skip":true}]},"7":{"line":50,"type":"cond-expr","locations":[{"start":{"line":50,"column":35},"end":{"line":50,"column":39}},{"start":{"line":50,"column":42},"end":{"line":50,"column":47}}]},"8":{"line":65,"type":"if","locations":[{"start":{"line":65,"column":3},"end":{"line":65,"column":3}},{"start":{"line":65,"column":3},"end":{"line":65,"column":3}}]},"9":{"line":65,"type":"binary-expr","locations":[{"start":{"line":65,"column":7},"end":{"line":65,"column":29}},{"start":{"line":65,"column":34},"end":{"line":65,"column":40}},{"start":{"line":65,"column":44},"end":{"line":65,"column":56}}]},"10":{"line":79,"type":"if","locations":[{"start":{"line":79,"column":4},"end":{"line":79,"column":4}},{"start":{"line":79,"column":4},"end":{"line":79,"column":4}}]},"11":{"line":79,"type":"binary-expr","locations":[{"start":{"line":79,"column":8},"end":{"line":79,"column":30}},{"start":{"line":79,"column":35},"end":{"line":79,"column":41}},{"start":{"line":79,"column":45},"end":{"line":79,"column":57}}]},"12":{"line":93,"type":"if","locations":[{"start":{"line":93,"column":3},"end":{"line":93,"column":3}},{"start":{"line":93,"column":3},"end":{"line":93,"column":3}}]},"13":{"line":106,"type":"if","locations":[{"start":{"line":106,"column":3},"end":{"line":106,"column":3}},{"start":{"line":106,"column":3},"end":{"line":106,"column":3}}]},"14":{"line":119,"type":"if","locations":[{"start":{"line":119,"column":3},"end":{"line":119,"column":3}},{"start":{"line":119,"column":3},"end":{"line":119,"column":3}}]},"15":{"line":132,"type":"if","locations":[{"start":{"line":132,"column":3},"end":{"line":132,"column":3}},{"start":{"line":132,"column":3},"end":{"line":132,"column":3}}]},"16":{"line":147,"type":"if","locations":[{"start":{"line":147,"column":3},"end":{"line":147,"column":3}},{"start":{"line":147,"column":3},"end":{"line":147,"column":3}}]},"17":{"line":151,"type":"if","locations":[{"start":{"line":151,"column":3},"end":{"line":151,"column":3}},{"start":{"line":151,"column":3},"end":{"line":151,"column":3}}]}}},"src\\Structures\\Queue.js":{"path":"src\\Structures\\Queue.js","s":{"1":1,"2":0,"3":0,"4":0,"5":0,"6":0,"7":0,"8":0,"9":0,"10":0,"11":0,"12":1,"13":12,"14":12,"15":2,"16":12,"17":4,"18":3,"19":1,"20":1,"21":12,"22":4,"23":12,"24":89,"25":81,"26":8,"27":12,"28":4,"29":1,"30":3,"31":12,"32":26,"33":1,"34":25,"35":12,"36":1,"37":1,"38":6,"39":5,"40":6,"41":6,"42":5,"43":1,"44":1},"b":{"1":[0,0],"2":[0,0],"3":[0,0],"4":[0,0,0],"5":[0,0],"6":[0,0,0],"7":[3,1],"8":[81,8],"9":[89,81,13],"10":[1,3],"11":[1,25],"12":[5,1],"13":[5,1]},"f":{"1":0,"2":12,"3":2,"4":4,"5":4,"6":89,"7":4,"8":26,"9":1},"fnMap":{"1":{"name":"isVarObjEmpty","line":15,"loc":{"start":{"line":15,"column":0},"end":{"line":15,"column":28}},"skip":true},"2":{"name":"Queue","line":39,"loc":{"start":{"line":39,"column":0},"end":{"line":39,"column":17}}},"3":{"name":"(anonymous_3)","line":46,"loc":{"start":{"line":46,"column":13},"end":{"line":46,"column":24}}},"4":{"name":"(anonymous_4)","line":54,"loc":{"start":{"line":54,"column":16},"end":{"line":54,"column":27}}},"5":{"name":"(anonymous_5)","line":68,"loc":{"start":{"line":68,"column":14},"end":{"line":68,"column":25}}},"6":{"name":"(anonymous_6)","line":77,"loc":{"start":{"line":77,"column":16},"end":{"line":77,"column":33}}},"7":{"name":"(anonymous_7)","line":92,"loc":{"start":{"line":92,"column":13},"end":{"line":92,"column":24}}},"8":{"name":"(anonymous_8)","line":107,"loc":{"start":{"line":107,"column":16},"end":{"line":107,"column":27}}},"9":{"name":"(anonymous_9)","line":121,"loc":{"start":{"line":121,"column":17},"end":{"line":121,"column":28}}}},"statementMap":{"1":{"start":{"line":15,"column":0},"end":{"line":33,"column":1},"skip":true},"2":{"start":{"line":16,"column":1},"end":{"line":17,"column":21},"skip":true},"3":{"start":{"line":18,"column":1},"end":{"line":27,"column":2},"skip":true},"4":{"start":{"line":19,"column":2},"end":{"line":19,"column":14},"skip":true},"5":{"start":{"line":21,"column":2},"end":{"line":26,"column":3},"skip":true},"6":{"start":{"line":22,"column":3},"end":{"line":22,"column":15},"skip":true},"7":{"start":{"line":23,"column":3},"end":{"line":25,"column":4},"skip":true},"8":{"start":{"line":24,"column":4},"end":{"line":24,"column":21},"skip":true},"9":{"start":{"line":28,"column":1},"end":{"line":32,"column":2},"skip":true},"10":{"start":{"line":29,"column":2},"end":{"line":29,"column":14},"skip":true},"11":{"start":{"line":31,"column":2},"end":{"line":31,"column":15},"skip":true},"12":{"start":{"line":39,"column":0},"end":{"line":135,"column":1}},"13":{"start":{"line":40,"column":1},"end":{"line":40,"column":18}},"14":{"start":{"line":46,"column":1},"end":{"line":48,"column":3}},"15":{"start":{"line":47,"column":2},"end":{"line":47,"column":24}},"16":{"start":{"line":54,"column":1},"end":{"line":63,"column":3}},"17":{"start":{"line":55,"column":2},"end":{"line":61,"column":3}},"18":{"start":{"line":56,"column":3},"end":{"line":56,"column":15}},"19":{"start":{"line":58,"column":3},"end":{"line":60,"column":4}},"20":{"start":{"line":59,"column":4},"end":{"line":59,"column":17}},"21":{"start":{"line":68,"column":1},"end":{"line":70,"column":3}},"22":{"start":{"line":69,"column":2},"end":{"line":69,"column":15}},"23":{"start":{"line":77,"column":1},"end":{"line":84,"column":3}},"24":{"start":{"line":78,"column":2},"end":{"line":83,"column":3}},"25":{"start":{"line":79,"column":3},"end":{"line":79,"column":24}},"26":{"start":{"line":82,"column":3},"end":{"line":82,"column":170}},"27":{"start":{"line":92,"column":1},"end":{"line":99,"column":3}},"28":{"start":{"line":93,"column":2},"end":{"line":98,"column":3}},"29":{"start":{"line":94,"column":3},"end":{"line":94,"column":72}},"30":{"start":{"line":97,"column":3},"end":{"line":97,"column":21}},"31":{"start":{"line":107,"column":1},"end":{"line":114,"column":3}},"32":{"start":{"line":108,"column":2},"end":{"line":113,"column":3}},"33":{"start":{"line":109,"column":3},"end":{"line":109,"column":78}},"34":{"start":{"line":112,"column":3},"end":{"line":112,"column":33}},"35":{"start":{"line":121,"column":1},"end":{"line":134,"column":3}},"36":{"start":{"line":122,"column":2},"end":{"line":122,"column":19}},"37":{"start":{"line":123,"column":2},"end":{"line":131,"column":3}},"38":{"start":{"line":124,"column":3},"end":{"line":126,"column":4}},"39":{"start":{"line":125,"column":4},"end":{"line":125,"column":17}},"40":{"start":{"line":127,"column":3},"end":{"line":127,"column":35}},"41":{"start":{"line":128,"column":3},"end":{"line":130,"column":4}},"42":{"start":{"line":129,"column":4},"end":{"line":129,"column":18}},"43":{"start":{"line":132,"column":2},"end":{"line":132,"column":16}},"44":{"start":{"line":133,"column":2},"end":{"line":133,"column":16}}},"branchMap":{"1":{"line":18,"type":"if","locations":[{"start":{"line":18,"column":1},"end":{"line":18,"column":1},"skip":true},{"start":{"line":18,"column":1},"end":{"line":18,"column":1},"skip":true}]},"2":{"line":18,"type":"binary-expr","locations":[{"start":{"line":18,"column":5},"end":{"line":18,"column":9},"skip":true},{"start":{"line":18,"column":13},"end":{"line":18,"column":22},"skip":true}]},"3":{"line":23,"type":"if","locations":[{"start":{"line":23,"column":3},"end":{"line":23,"column":3},"skip":true},{"start":{"line":23,"column":3},"end":{"line":23,"column":3},"skip":true}]},"4":{"line":23,"type":"binary-expr","locations":[{"start":{"line":23,"column":7},"end":{"line":23,"column":28},"skip":true},{"start":{"line":23,"column":33},"end":{"line":23,"column":39},"skip":true},{"start":{"line":23,"column":43},"end":{"line":23,"column":55},"skip":true}]},"5":{"line":28,"type":"if","locations":[{"start":{"line":28,"column":1},"end":{"line":28,"column":1},"skip":true},{"start":{"line":28,"column":1},"end":{"line":28,"column":1},"skip":true}]},"6":{"line":28,"type":"binary-expr","locations":[{"start":{"line":28,"column":5},"end":{"line":28,"column":28},"skip":true},{"start":{"line":28,"column":32},"end":{"line":28,"column":46},"skip":true},{"start":{"line":28,"column":50},"end":{"line":28,"column":70},"skip":true}]},"7":{"line":55,"type":"if","locations":[{"start":{"line":55,"column":2},"end":{"line":55,"column":2}},{"start":{"line":55,"column":2},"end":{"line":55,"column":2}}]},"8":{"line":78,"type":"if","locations":[{"start":{"line":78,"column":2},"end":{"line":78,"column":2}},{"start":{"line":78,"column":2},"end":{"line":78,"column":2}}]},"9":{"line":78,"type":"binary-expr","locations":[{"start":{"line":78,"column":5},"end":{"line":78,"column":27}},{"start":{"line":78,"column":32},"end":{"line":78,"column":38}},{"start":{"line":78,"column":42},"end":{"line":78,"column":54}}]},"10":{"line":93,"type":"if","locations":[{"start":{"line":93,"column":2},"end":{"line":93,"column":2}},{"start":{"line":93,"column":2},"end":{"line":93,"column":2}}]},"11":{"line":108,"type":"if","locations":[{"start":{"line":108,"column":2},"end":{"line":108,"column":2}},{"start":{"line":108,"column":2},"end":{"line":108,"column":2}}]},"12":{"line":124,"type":"if","locations":[{"start":{"line":124,"column":3},"end":{"line":124,"column":3}},{"start":{"line":124,"column":3},"end":{"line":124,"column":3}}]},"13":{"line":128,"type":"if","locations":[{"start":{"line":128,"column":3},"end":{"line":128,"column":3}},{"start":{"line":128,"column":3},"end":{"line":128,"column":3}}]}}},"src\\Structures\\Stack.js":{"path":"src\\Structures\\Stack.js","s":{"1":1,"2":422,"3":422,"4":27,"5":395,"6":244,"7":244,"8":226,"9":395,"10":14,"11":381,"12":1,"13":11,"14":11,"15":3,"16":11,"17":2,"18":11,"19":3,"20":11,"21":4,"22":3,"23":1,"24":11,"25":10,"26":9,"27":1,"28":11,"29":81,"30":74,"31":7,"32":11,"33":1,"34":1,"35":6,"36":5,"37":6,"38":6,"39":5,"40":1,"41":1},"b":{"1":[27,395],"2":[422,86],"3":[226,18],"4":[244,244,18],"5":[14,381],"6":[395,24,24],"7":[2,1],"8":[3,1],"9":[9,1],"10":[74,7],"11":[81,74,12],"12":[5,1],"13":[5,1]},"f":{"1":422,"2":11,"3":3,"4":2,"5":3,"6":4,"7":10,"8":81,"9":1},"fnMap":{"1":{"name":"isVarObjEmpty","line":15,"loc":{"start":{"line":15,"column":0},"end":{"line":15,"column":28}},"skip":true},"2":{"name":"Stack","line":41,"loc":{"start":{"line":41,"column":0},"end":{"line":41,"column":17}}},"3":{"name":"(anonymous_3)","line":48,"loc":{"start":{"line":48,"column":16},"end":{"line":48,"column":27}}},"4":{"name":"(anonymous_4)","line":56,"loc":{"start":{"line":56,"column":13},"end":{"line":56,"column":24}}},"5":{"name":"(anonymous_5)","line":63,"loc":{"start":{"line":63,"column":14},"end":{"line":63,"column":25}}},"6":{"name":"(anonymous_6)","line":72,"loc":{"start":{"line":72,"column":13},"end":{"line":72,"column":24}}},"7":{"name":"(anonymous_7)","line":88,"loc":{"start":{"line":88,"column":12},"end":{"line":88,"column":23}}},"8":{"name":"(anonymous_8)","line":102,"loc":{"start":{"line":102,"column":13},"end":{"line":102,"column":30}}},"9":{"name":"(anonymous_9)","line":116,"loc":{"start":{"line":116,"column":17},"end":{"line":116,"column":28}}}},"statementMap":{"1":{"start":{"line":15,"column":0},"end":{"line":33,"column":1},"skip":true},"2":{"start":{"line":16,"column":1},"end":{"line":17,"column":21},"skip":true},"3":{"start":{"line":18,"column":1},"end":{"line":27,"column":2},"skip":true},"4":{"start":{"line":19,"column":2},"end":{"line":19,"column":14},"skip":true},"5":{"start":{"line":21,"column":2},"end":{"line":26,"column":3},"skip":true},"6":{"start":{"line":22,"column":3},"end":{"line":22,"column":15},"skip":true},"7":{"start":{"line":23,"column":3},"end":{"line":25,"column":4},"skip":true},"8":{"start":{"line":24,"column":4},"end":{"line":24,"column":21},"skip":true},"9":{"start":{"line":28,"column":1},"end":{"line":32,"column":2},"skip":true},"10":{"start":{"line":29,"column":2},"end":{"line":29,"column":14},"skip":true},"11":{"start":{"line":31,"column":2},"end":{"line":31,"column":15},"skip":true},"12":{"start":{"line":41,"column":0},"end":{"line":130,"column":1}},"13":{"start":{"line":42,"column":1},"end":{"line":42,"column":18}},"14":{"start":{"line":48,"column":1},"end":{"line":50,"column":3}},"15":{"start":{"line":49,"column":2},"end":{"line":49,"column":47}},"16":{"start":{"line":56,"column":1},"end":{"line":58,"column":3}},"17":{"start":{"line":57,"column":2},"end":{"line":57,"column":24}},"18":{"start":{"line":63,"column":1},"end":{"line":65,"column":3}},"19":{"start":{"line":64,"column":2},"end":{"line":64,"column":15}},"20":{"start":{"line":72,"column":1},"end":{"line":80,"column":3}},"21":{"start":{"line":73,"column":2},"end":{"line":78,"column":3}},"22":{"start":{"line":74,"column":3},"end":{"line":74,"column":38}},"23":{"start":{"line":76,"column":3},"end":{"line":76,"column":73}},"24":{"start":{"line":88,"column":1},"end":{"line":95,"column":3}},"25":{"start":{"line":89,"column":2},"end":{"line":94,"column":3}},"26":{"start":{"line":90,"column":3},"end":{"line":90,"column":24}},"27":{"start":{"line":92,"column":3},"end":{"line":92,"column":70}},"28":{"start":{"line":102,"column":1},"end":{"line":109,"column":3}},"29":{"start":{"line":103,"column":2},"end":{"line":107,"column":3}},"30":{"start":{"line":104,"column":3},"end":{"line":104,"column":24}},"31":{"start":{"line":106,"column":3},"end":{"line":106,"column":96}},"32":{"start":{"line":116,"column":1},"end":{"line":129,"column":3}},"33":{"start":{"line":117,"column":2},"end":{"line":117,"column":19}},"34":{"start":{"line":118,"column":2},"end":{"line":126,"column":3}},"35":{"start":{"line":119,"column":3},"end":{"line":121,"column":4}},"36":{"start":{"line":120,"column":4},"end":{"line":120,"column":17}},"37":{"start":{"line":122,"column":3},"end":{"line":122,"column":35}},"38":{"start":{"line":123,"column":3},"end":{"line":125,"column":4}},"39":{"start":{"line":124,"column":4},"end":{"line":124,"column":18}},"40":{"start":{"line":127,"column":2},"end":{"line":127,"column":16}},"41":{"start":{"line":128,"column":2},"end":{"line":128,"column":16}}},"branchMap":{"1":{"line":18,"type":"if","locations":[{"start":{"line":18,"column":1},"end":{"line":18,"column":1},"skip":true},{"start":{"line":18,"column":1},"end":{"line":18,"column":1},"skip":true}]},"2":{"line":18,"type":"binary-expr","locations":[{"start":{"line":18,"column":5},"end":{"line":18,"column":9},"skip":true},{"start":{"line":18,"column":13},"end":{"line":18,"column":22},"skip":true}]},"3":{"line":23,"type":"if","locations":[{"start":{"line":23,"column":3},"end":{"line":23,"column":3},"skip":true},{"start":{"line":23,"column":3},"end":{"line":23,"column":3},"skip":true}]},"4":{"line":23,"type":"binary-expr","locations":[{"start":{"line":23,"column":7},"end":{"line":23,"column":28},"skip":true},{"start":{"line":23,"column":33},"end":{"line":23,"column":39},"skip":true},{"start":{"line":23,"column":43},"end":{"line":23,"column":55},"skip":true}]},"5":{"line":28,"type":"if","locations":[{"start":{"line":28,"column":1},"end":{"line":28,"column":1},"skip":true},{"start":{"line":28,"column":1},"end":{"line":28,"column":1},"skip":true}]},"6":{"line":28,"type":"binary-expr","locations":[{"start":{"line":28,"column":5},"end":{"line":28,"column":28},"skip":true},{"start":{"line":28,"column":32},"end":{"line":28,"column":46},"skip":true},{"start":{"line":28,"column":50},"end":{"line":28,"column":70},"skip":true}]},"7":{"line":49,"type":"cond-expr","locations":[{"start":{"line":49,"column":34},"end":{"line":49,"column":38}},{"start":{"line":49,"column":41},"end":{"line":49,"column":46}}]},"8":{"line":73,"type":"if","locations":[{"start":{"line":73,"column":2},"end":{"line":73,"column":2}},{"start":{"line":73,"column":2},"end":{"line":73,"column":2}}]},"9":{"line":89,"type":"if","locations":[{"start":{"line":89,"column":2},"end":{"line":89,"column":2}},{"start":{"line":89,"column":2},"end":{"line":89,"column":2}}]},"10":{"line":103,"type":"if","locations":[{"start":{"line":103,"column":2},"end":{"line":103,"column":2}},{"start":{"line":103,"column":2},"end":{"line":103,"column":2}}]},"11":{"line":103,"type":"binary-expr","locations":[{"start":{"line":103,"column":6},"end":{"line":103,"column":28}},{"start":{"line":103,"column":33},"end":{"line":103,"column":39}},{"start":{"line":103,"column":43},"end":{"line":103,"column":55}}]},"12":{"line":119,"type":"if","locations":[{"start":{"line":119,"column":3},"end":{"line":119,"column":3}},{"start":{"line":119,"column":3},"end":{"line":119,"column":3}}]},"13":{"line":123,"type":"if","locations":[{"start":{"line":123,"column":3},"end":{"line":123,"column":3}},{"start":{"line":123,"column":3},"end":{"line":123,"column":3}}]}}},"src\\Structures\\TestStructures.js":{"path":"src\\Structures\\TestStructures.js","s":{"1":1,"2":0,"3":0,"4":0,"5":0,"6":0,"7":0,"8":0,"9":0,"10":0,"11":0,"12":0,"13":0,"14":0,"15":0,"16":0,"17":0,"18":0,"19":0,"20":0,"21":0,"22":0,"23":0,"24":0,"25":0,"26":0,"27":0,"28":0,"29":0,"30":0},"b":{},"f":{"1":0},"fnMap":{"1":{"name":"startTest","line":1,"loc":{"start":{"line":1,"column":-15},"end":{"line":1,"column":21}}}},"statementMap":{"1":{"start":{"line":1,"column":-15},"end":{"line":146,"column":1}},"2":{"start":{"line":82,"column":1},"end":{"line":82,"column":25}},"3":{"start":{"line":83,"column":1},"end":{"line":83,"column":31}},"4":{"start":{"line":84,"column":1},"end":{"line":84,"column":15}},"5":{"start":{"line":85,"column":1},"end":{"line":85,"column":15}},"6":{"start":{"line":86,"column":1},"end":{"line":86,"column":31}},"7":{"start":{"line":87,"column":1},"end":{"line":87,"column":17}},"8":{"start":{"line":88,"column":1},"end":{"line":88,"column":31}},"9":{"start":{"line":89,"column":1},"end":{"line":89,"column":15}},"10":{"start":{"line":90,"column":1},"end":{"line":90,"column":31}},"11":{"start":{"line":91,"column":1},"end":{"line":91,"column":17}},"12":{"start":{"line":92,"column":1},"end":{"line":92,"column":31}},"13":{"start":{"line":93,"column":1},"end":{"line":93,"column":15}},"14":{"start":{"line":94,"column":1},"end":{"line":94,"column":31}},"15":{"start":{"line":95,"column":1},"end":{"line":95,"column":17}},"16":{"start":{"line":96,"column":1},"end":{"line":96,"column":31}},"17":{"start":{"line":97,"column":1},"end":{"line":97,"column":45}},"18":{"start":{"line":98,"column":1},"end":{"line":98,"column":13}},"19":{"start":{"line":99,"column":1},"end":{"line":99,"column":31}},"20":{"start":{"line":100,"column":1},"end":{"line":100,"column":13}},"21":{"start":{"line":101,"column":1},"end":{"line":101,"column":31}},"22":{"start":{"line":102,"column":1},"end":{"line":102,"column":13}},"23":{"start":{"line":103,"column":1},"end":{"line":103,"column":31}},"24":{"start":{"line":104,"column":1},"end":{"line":104,"column":13}},"25":{"start":{"line":105,"column":1},"end":{"line":105,"column":31}},"26":{"start":{"line":106,"column":1},"end":{"line":106,"column":13}},"27":{"start":{"line":107,"column":1},"end":{"line":107,"column":31}},"28":{"start":{"line":108,"column":1},"end":{"line":108,"column":13}},"29":{"start":{"line":109,"column":1},"end":{"line":109,"column":31}},"30":{"start":{"line":110,"column":1},"end":{"line":110,"column":45}}},"branchMap":{}}}