{"u:\\repos\\soseads\\spec\\QueueSpec.js":{"path":"u:\\repos\\soseads\\spec\\QueueSpec.js","s":{"1":1,"2":0,"3":1,"4":0,"5":0,"6":0,"7":0,"8":0,"9":0,"10":0,"11":0,"12":0,"13":0,"14":0,"15":0,"16":0,"17":0,"18":0,"19":0,"20":0,"21":0,"22":0,"23":0,"24":0,"25":0,"26":0,"27":0,"28":0,"29":0,"30":0,"31":0,"32":0,"33":0,"34":0,"35":0,"36":0,"37":0,"38":0,"39":0,"40":0,"41":0,"42":0,"43":0,"44":0,"45":0,"46":0,"47":0,"48":0,"49":0,"50":0,"51":0,"52":0,"53":0,"54":0,"55":0,"56":0,"57":0},"b":{},"f":{"1":0,"2":0,"3":0,"4":0,"5":0,"6":0,"7":0,"8":0},"fnMap":{"1":{"name":"(anonymous_1)","line":1,"loc":{"start":{"line":1,"column":33},"end":{"line":1,"column":44}}},"2":{"name":"initializeQueue","line":4,"loc":{"start":{"line":4,"column":1},"end":{"line":4,"column":28}}},"3":{"name":"(anonymous_3)","line":14,"loc":{"start":{"line":14,"column":12},"end":{"line":14,"column":23}}},"4":{"name":"(anonymous_4)","line":19,"loc":{"start":{"line":19,"column":17},"end":{"line":19,"column":28}}},"5":{"name":"(anonymous_5)","line":30,"loc":{"start":{"line":30,"column":17},"end":{"line":30,"column":28}}},"6":{"name":"(anonymous_6)","line":46,"loc":{"start":{"line":46,"column":17},"end":{"line":46,"column":28}}},"7":{"name":"(anonymous_7)","line":62,"loc":{"start":{"line":62,"column":19},"end":{"line":62,"column":30}}},"8":{"name":"(anonymous_8)","line":68,"loc":{"start":{"line":68,"column":14},"end":{"line":68,"column":25}}}},"statementMap":{"1":{"start":{"line":1,"column":0},"end":{"line":81,"column":3}},"2":{"start":{"line":2,"column":1},"end":{"line":2,"column":18}},"3":{"start":{"line":4,"column":1},"end":{"line":11,"column":2}},"4":{"start":{"line":5,"column":2},"end":{"line":5,"column":19}},"5":{"start":{"line":6,"column":2},"end":{"line":6,"column":21}},"6":{"start":{"line":7,"column":2},"end":{"line":7,"column":19}},"7":{"start":{"line":8,"column":2},"end":{"line":8,"column":21}},"8":{"start":{"line":9,"column":2},"end":{"line":9,"column":19}},"9":{"start":{"line":10,"column":2},"end":{"line":10,"column":21}},"10":{"start":{"line":14,"column":1},"end":{"line":17,"column":4}},"11":{"start":{"line":15,"column":2},"end":{"line":15,"column":22}},"12":{"start":{"line":16,"column":2},"end":{"line":16,"column":20}},"13":{"start":{"line":19,"column":1},"end":{"line":28,"column":4}},"14":{"start":{"line":20,"column":2},"end":{"line":20,"column":18}},"15":{"start":{"line":21,"column":2},"end":{"line":21,"column":18}},"16":{"start":{"line":22,"column":2},"end":{"line":22,"column":18}},"17":{"start":{"line":23,"column":2},"end":{"line":23,"column":18}},"18":{"start":{"line":24,"column":2},"end":{"line":24,"column":18}},"19":{"start":{"line":25,"column":2},"end":{"line":25,"column":18}},"20":{"start":{"line":26,"column":2},"end":{"line":26,"column":39}},"21":{"start":{"line":30,"column":1},"end":{"line":44,"column":4}},"22":{"start":{"line":31,"column":2},"end":{"line":31,"column":29}},"23":{"start":{"line":32,"column":2},"end":{"line":32,"column":26}},"24":{"start":{"line":33,"column":2},"end":{"line":33,"column":25}},"25":{"start":{"line":34,"column":2},"end":{"line":34,"column":28}},"26":{"start":{"line":35,"column":2},"end":{"line":35,"column":25}},"27":{"start":{"line":36,"column":2},"end":{"line":36,"column":26}},"28":{"start":{"line":37,"column":2},"end":{"line":37,"column":25}},"29":{"start":{"line":38,"column":2},"end":{"line":38,"column":28}},"30":{"start":{"line":39,"column":2},"end":{"line":39,"column":25}},"31":{"start":{"line":40,"column":2},"end":{"line":40,"column":26}},"32":{"start":{"line":41,"column":2},"end":{"line":41,"column":25}},"33":{"start":{"line":42,"column":2},"end":{"line":42,"column":28}},"34":{"start":{"line":43,"column":2},"end":{"line":43,"column":39}},"35":{"start":{"line":46,"column":1},"end":{"line":60,"column":4}},"36":{"start":{"line":47,"column":2},"end":{"line":47,"column":19}},"37":{"start":{"line":48,"column":2},"end":{"line":48,"column":21}},"38":{"start":{"line":49,"column":2},"end":{"line":49,"column":18}},"39":{"start":{"line":50,"column":2},"end":{"line":50,"column":18}},"40":{"start":{"line":51,"column":2},"end":{"line":51,"column":18}},"41":{"start":{"line":52,"column":2},"end":{"line":52,"column":18}},"42":{"start":{"line":53,"column":2},"end":{"line":53,"column":18}},"43":{"start":{"line":54,"column":2},"end":{"line":54,"column":18}},"44":{"start":{"line":55,"column":2},"end":{"line":55,"column":29}},"45":{"start":{"line":56,"column":2},"end":{"line":56,"column":26}},"46":{"start":{"line":57,"column":2},"end":{"line":57,"column":25}},"47":{"start":{"line":58,"column":2},"end":{"line":58,"column":28}},"48":{"start":{"line":59,"column":2},"end":{"line":59,"column":39}},"49":{"start":{"line":62,"column":1},"end":{"line":66,"column":4}},"50":{"start":{"line":63,"column":2},"end":{"line":63,"column":16}},"51":{"start":{"line":64,"column":2},"end":{"line":64,"column":39}},"52":{"start":{"line":68,"column":1},"end":{"line":75,"column":4}},"53":{"start":{"line":69,"column":2},"end":{"line":69,"column":26}},"54":{"start":{"line":70,"column":2},"end":{"line":70,"column":26}},"55":{"start":{"line":71,"column":2},"end":{"line":71,"column":18}},"56":{"start":{"line":72,"column":2},"end":{"line":72,"column":22}},"57":{"start":{"line":73,"column":2},"end":{"line":73,"column":28}}},"branchMap":{}}}